<?xml version="1.0" encoding="utf-8"?>
<testsuite errors="0" failures="0" name="unittest.suite.TestSuite" tests="3" time="23.202">
  <testcase classname="rostest.runner.RosTest" name="testcamera_image_hz_test" time="7.6431"></testcase>
  <testcase classname="rostest.runner.RosTest" name="testcamera_info_hz_test" time="7.5290"></testcase>
  <testcase classname="rostest.runner.RosTest" name="testdiagnostics_hz_test" time="8.0291"></testcase>
  <system-out><![CDATA[[ROSTEST]setup[/home/ugv/groovy_ws/catkin/src/camera1394/tests/camera_node_hz.test] run_id[3edc100c-080e-11e3-bb75-002666016720] starting
?[1mstarted roslaunch server http://ugv-vision:41970/?[0m
ros_comm version 1.9.47


SUMMARY
========

PARAMETERS
 * /hztest_diag/hz
 * /hztest_diag/hzerror
 * /hztest_diag/test_duration
 * /hztest_diag/topic
 * /hztest_diag/wait_time
 * /hztest_image/hz
 * /hztest_image/hzerror
 * /hztest_image/test_duration
 * /hztest_image/topic
 * /hztest_image/wait_time
 * /hztest_info/hz
 * /hztest_info/hzerror
 * /hztest_info/test_duration
 * /hztest_info/topic
 * /hztest_info/wait_time
 * /rosdistro
 * /rosversion

NODES
  /
    camera1394_node (camera1394/camera1394_node)

[ROSTEST]setup[/home/ugv/groovy_ws/catkin/src/camera1394/tests/camera_node_hz.test] run_id[3edc100c-080e-11e3-bb75-002666016720] done
[ROSTEST]Running test [camera_image_hz_test]
auto-starting new master
?[1mprocess[master]: started with pid [16093]?[0m
?[1mROS_MASTER_URI=http://ugv-vision:22422/?[0m
?[1msetting /run_id to 3edc100c-080e-11e3-bb75-002666016720?[0m
?[1mprocess[rosout-1]: started with pid [16106]?[0m
started core service [/rosout]
?[1mprocess[camera1394_node-2]: started with pid [16118]?[0m
[ROSTEST]removing previous test results file [/home/ugv/groovy_ws/catkin/build/test_results/camera1394/rosunit-camera_image_hz_test.xml]
[ROSTEST]running test camera_image_hz_test
?[1mprocess[hztest_image-3]: started with pid [16229]?[0m
?[1m[hztest_image-3] process has finished cleanly
log file: /home/ugv/.ros/log/3edc100c-080e-11e3-bb75-002666016720/hztest_image-3*.log?[0m
[ROSTEST]test [camera_image_hz_test] finished
[ROSTEST]test [camera_image_hz_test] results are in [/home/ugv/groovy_ws/catkin/build/test_results/camera1394/rosunit-camera_image_hz_test.xml]
[ROSTEST]test [camera_image_hz_test] results summary: 0 errors, 0 failures, 1 tests
[ROSTEST][ROSTEST] test [camera_image_hz_test] done
[ROSTEST]tearDown[/home/ugv/groovy_ws/catkin/src/camera1394/tests/camera_node_hz.test]
shutting down processing monitor...
[camera1394_node-2] killing on exit
[rosout-1] killing on exit
[master] killing on exit
... shutting down processing monitor complete
[ROSTEST]rostest teardown /home/ugv/groovy_ws/catkin/src/camera1394/tests/camera_node_hz.test complete
[ROSTEST]setup[/home/ugv/groovy_ws/catkin/src/camera1394/tests/camera_node_hz.test] run_id[436835e2-080e-11e3-bb75-002666016720] starting
?[1mstarted roslaunch server http://ugv-vision:38134/?[0m
ros_comm version 1.9.47


SUMMARY
========

PARAMETERS
 * /hztest_diag/hz
 * /hztest_diag/hzerror
 * /hztest_diag/test_duration
 * /hztest_diag/topic
 * /hztest_diag/wait_time
 * /hztest_image/hz
 * /hztest_image/hzerror
 * /hztest_image/test_duration
 * /hztest_image/topic
 * /hztest_image/wait_time
 * /hztest_info/hz
 * /hztest_info/hzerror
 * /hztest_info/test_duration
 * /hztest_info/topic
 * /hztest_info/wait_time
 * /rosdistro
 * /rosversion

NODES
  /
    camera1394_node (camera1394/camera1394_node)

[ROSTEST]setup[/home/ugv/groovy_ws/catkin/src/camera1394/tests/camera_node_hz.test] run_id[436835e2-080e-11e3-bb75-002666016720] done
[ROSTEST]Running test [camera_info_hz_test]
auto-starting new master
?[1mprocess[master]: started with pid [16420]?[0m
?[1mROS_MASTER_URI=http://ugv-vision:22422/?[0m
?[1msetting /run_id to 436835e2-080e-11e3-bb75-002666016720?[0m
?[1mprocess[rosout-4]: started with pid [16433]?[0m
started core service [/rosout]
?[1mprocess[camera1394_node-5]: started with pid [16445]?[0m
[ROSTEST]removing previous test results file [/home/ugv/groovy_ws/catkin/build/test_results/camera1394/rosunit-camera_info_hz_test.xml]
[ROSTEST]running test camera_info_hz_test
?[1mprocess[hztest_info-6]: started with pid [16559]?[0m
?[1m[hztest_info-6] process has finished cleanly
log file: /home/ugv/.ros/log/436835e2-080e-11e3-bb75-002666016720/hztest_info-6*.log?[0m
[ROSTEST]test [camera_info_hz_test] finished
[ROSTEST]test [camera_info_hz_test] results are in [/home/ugv/groovy_ws/catkin/build/test_results/camera1394/rosunit-camera_info_hz_test.xml]
[ROSTEST]test [camera_info_hz_test] results summary: 0 errors, 0 failures, 1 tests
[ROSTEST][ROSTEST] test [camera_info_hz_test] done
[ROSTEST]tearDown[/home/ugv/groovy_ws/catkin/src/camera1394/tests/camera_node_hz.test]
shutting down processing monitor...
[camera1394_node-5] killing on exit
[rosout-4] killing on exit
[master] killing on exit
... shutting down processing monitor complete
[ROSTEST]rostest teardown /home/ugv/groovy_ws/catkin/src/camera1394/tests/camera_node_hz.test complete
[ROSTEST]setup[/home/ugv/groovy_ws/catkin/src/camera1394/tests/camera_node_hz.test] run_id[47e512d4-080e-11e3-bb75-002666016720] starting
?[1mstarted roslaunch server http://ugv-vision:59379/?[0m
ros_comm version 1.9.47


SUMMARY
========

PARAMETERS
 * /hztest_diag/hz
 * /hztest_diag/hzerror
 * /hztest_diag/test_duration
 * /hztest_diag/topic
 * /hztest_diag/wait_time
 * /hztest_image/hz
 * /hztest_image/hzerror
 * /hztest_image/test_duration
 * /hztest_image/topic
 * /hztest_image/wait_time
 * /hztest_info/hz
 * /hztest_info/hzerror
 * /hztest_info/test_duration
 * /hztest_info/topic
 * /hztest_info/wait_time
 * /rosdistro
 * /rosversion

NODES
  /
    camera1394_node (camera1394/camera1394_node)

[ROSTEST]setup[/home/ugv/groovy_ws/catkin/src/camera1394/tests/camera_node_hz.test] run_id[47e512d4-080e-11e3-bb75-002666016720] done
[ROSTEST]Running test [diagnostics_hz_test]
auto-starting new master
?[1mprocess[master]: started with pid [16747]?[0m
?[1mROS_MASTER_URI=http://ugv-vision:22422/?[0m
?[1msetting /run_id to 47e512d4-080e-11e3-bb75-002666016720?[0m
?[1mprocess[rosout-7]: started with pid [16760]?[0m
started core service [/rosout]
?[1mprocess[camera1394_node-8]: started with pid [16772]?[0m
[ROSTEST]removing previous test results file [/home/ugv/groovy_ws/catkin/build/test_results/camera1394/rosunit-diagnostics_hz_test.xml]
[ROSTEST]running test diagnostics_hz_test
?[1mprocess[hztest_diag-9]: started with pid [16892]?[0m
?[1m[hztest_diag-9] process has finished cleanly
log file: /home/ugv/.ros/log/47e512d4-080e-11e3-bb75-002666016720/hztest_diag-9*.log?[0m
[ROSTEST]test [diagnostics_hz_test] finished
[ROSTEST]test [diagnostics_hz_test] results are in [/home/ugv/groovy_ws/catkin/build/test_results/camera1394/rosunit-diagnostics_hz_test.xml]
[ROSTEST]test [diagnostics_hz_test] results summary: 0 errors, 0 failures, 1 tests
[ROSTEST][ROSTEST] test [diagnostics_hz_test] done
[ROSTEST]tearDown[/home/ugv/groovy_ws/catkin/src/camera1394/tests/camera_node_hz.test]
shutting down processing monitor...
[camera1394_node-8] killing on exit
[rosout-7] killing on exit
[master] killing on exit
... shutting down processing monitor complete
[ROSTEST]rostest teardown /home/ugv/groovy_ws/catkin/src/camera1394/tests/camera_node_hz.test complete
]]></system-out>
  <system-err><![CDATA[]]></system-err>
</testsuite>
