<?xml version="1.0" encoding="utf-8"?>
<testsuite errors="0" failures="0" name="unittest.suite.TestSuite" tests="3" time="23.300">
  <testcase classname="rostest.runner.RosTest" name="testcamera_image_hz_test" time="7.7437"></testcase>
  <testcase classname="rostest.runner.RosTest" name="testcamera_info_hz_test" time="7.6282"></testcase>
  <testcase classname="rostest.runner.RosTest" name="testdiagnostics_hz_test" time="7.9276"></testcase>
  <system-out><![CDATA[[ROSTEST]setup[/home/ugv/groovy_ws/catkin/src/camera1394/tests/camera_node_hz.test] run_id[668753ec-080d-11e3-8f44-002666016720] starting
?[1mstarted roslaunch server http://ugv-vision:43847/?[0m
ros_comm version 1.9.47


SUMMARY
========

PARAMETERS
 * /hztest_diag/hz
 * /hztest_diag/hzerror
 * /hztest_diag/test_duration
 * /hztest_diag/topic
 * /hztest_diag/wait_time
 * /hztest_image/hz
 * /hztest_image/hzerror
 * /hztest_image/test_duration
 * /hztest_image/topic
 * /hztest_image/wait_time
 * /hztest_info/hz
 * /hztest_info/hzerror
 * /hztest_info/test_duration
 * /hztest_info/topic
 * /hztest_info/wait_time
 * /rosdistro
 * /rosversion

NODES
  /
    camera1394_node (camera1394/camera1394_node)

[ROSTEST]setup[/home/ugv/groovy_ws/catkin/src/camera1394/tests/camera_node_hz.test] run_id[668753ec-080d-11e3-8f44-002666016720] done
[ROSTEST]Running test [camera_image_hz_test]
auto-starting new master
?[1mprocess[master]: started with pid [11086]?[0m
?[1mROS_MASTER_URI=http://ugv-vision:22422/?[0m
?[1msetting /run_id to 668753ec-080d-11e3-8f44-002666016720?[0m
?[1mprocess[rosout-1]: started with pid [11099]?[0m
started core service [/rosout]
?[1mprocess[camera1394_node-2]: started with pid [11111]?[0m
[ROSTEST]removing previous test results file [/home/ugv/groovy_ws/catkin/build/test_results/camera1394/rosunit-camera_image_hz_test.xml]
[ROSTEST]running test camera_image_hz_test
?[1mprocess[hztest_image-3]: started with pid [11221]?[0m
?[1m[hztest_image-3] process has finished cleanly
log file: /home/ugv/.ros/log/668753ec-080d-11e3-8f44-002666016720/hztest_image-3*.log?[0m
[ROSTEST]test [camera_image_hz_test] finished
[ROSTEST]test [camera_image_hz_test] results are in [/home/ugv/groovy_ws/catkin/build/test_results/camera1394/rosunit-camera_image_hz_test.xml]
[ROSTEST]test [camera_image_hz_test] results summary: 0 errors, 0 failures, 1 tests
[ROSTEST][ROSTEST] test [camera_image_hz_test] done
[ROSTEST]tearDown[/home/ugv/groovy_ws/catkin/src/camera1394/tests/camera_node_hz.test]
shutting down processing monitor...
[camera1394_node-2] killing on exit
[rosout-1] killing on exit
[master] killing on exit
... shutting down processing monitor complete
[ROSTEST]rostest teardown /home/ugv/groovy_ws/catkin/src/camera1394/tests/camera_node_hz.test complete
[ROSTEST]setup[/home/ugv/groovy_ws/catkin/src/camera1394/tests/camera_node_hz.test] run_id[6b229f7e-080d-11e3-8f44-002666016720] starting
?[1mstarted roslaunch server http://ugv-vision:33219/?[0m
ros_comm version 1.9.47


SUMMARY
========

PARAMETERS
 * /hztest_diag/hz
 * /hztest_diag/hzerror
 * /hztest_diag/test_duration
 * /hztest_diag/topic
 * /hztest_diag/wait_time
 * /hztest_image/hz
 * /hztest_image/hzerror
 * /hztest_image/test_duration
 * /hztest_image/topic
 * /hztest_image/wait_time
 * /hztest_info/hz
 * /hztest_info/hzerror
 * /hztest_info/test_duration
 * /hztest_info/topic
 * /hztest_info/wait_time
 * /rosdistro
 * /rosversion

NODES
  /
    camera1394_node (camera1394/camera1394_node)

[ROSTEST]setup[/home/ugv/groovy_ws/catkin/src/camera1394/tests/camera_node_hz.test] run_id[6b229f7e-080d-11e3-8f44-002666016720] done
[ROSTEST]Running test [camera_info_hz_test]
auto-starting new master
?[1mprocess[master]: started with pid [11413]?[0m
?[1mROS_MASTER_URI=http://ugv-vision:22422/?[0m
?[1msetting /run_id to 6b229f7e-080d-11e3-8f44-002666016720?[0m
?[1mprocess[rosout-4]: started with pid [11426]?[0m
started core service [/rosout]
?[1mprocess[camera1394_node-5]: started with pid [11438]?[0m
[ROSTEST]removing previous test results file [/home/ugv/groovy_ws/catkin/build/test_results/camera1394/rosunit-camera_info_hz_test.xml]
[ROSTEST]running test camera_info_hz_test
?[1mprocess[hztest_info-6]: started with pid [11550]?[0m
?[1m[hztest_info-6] process has finished cleanly
log file: /home/ugv/.ros/log/6b229f7e-080d-11e3-8f44-002666016720/hztest_info-6*.log?[0m
[ROSTEST]test [camera_info_hz_test] finished
[ROSTEST]test [camera_info_hz_test] results are in [/home/ugv/groovy_ws/catkin/build/test_results/camera1394/rosunit-camera_info_hz_test.xml]
[ROSTEST]test [camera_info_hz_test] results summary: 0 errors, 0 failures, 1 tests
[ROSTEST][ROSTEST] test [camera_info_hz_test] done
[ROSTEST]tearDown[/home/ugv/groovy_ws/catkin/src/camera1394/tests/camera_node_hz.test]
shutting down processing monitor...
[camera1394_node-5] killing on exit
[rosout-4] killing on exit
[master] killing on exit
... shutting down processing monitor complete
[ROSTEST]rostest teardown /home/ugv/groovy_ws/catkin/src/camera1394/tests/camera_node_hz.test complete
[ROSTEST]setup[/home/ugv/groovy_ws/catkin/src/camera1394/tests/camera_node_hz.test] run_id[6fae9f66-080d-11e3-8f44-002666016720] starting
?[1mstarted roslaunch server http://ugv-vision:53373/?[0m
ros_comm version 1.9.47


SUMMARY
========

PARAMETERS
 * /hztest_diag/hz
 * /hztest_diag/hzerror
 * /hztest_diag/test_duration
 * /hztest_diag/topic
 * /hztest_diag/wait_time
 * /hztest_image/hz
 * /hztest_image/hzerror
 * /hztest_image/test_duration
 * /hztest_image/topic
 * /hztest_image/wait_time
 * /hztest_info/hz
 * /hztest_info/hzerror
 * /hztest_info/test_duration
 * /hztest_info/topic
 * /hztest_info/wait_time
 * /rosdistro
 * /rosversion

NODES
  /
    camera1394_node (camera1394/camera1394_node)

[ROSTEST]setup[/home/ugv/groovy_ws/catkin/src/camera1394/tests/camera_node_hz.test] run_id[6fae9f66-080d-11e3-8f44-002666016720] done
[ROSTEST]Running test [diagnostics_hz_test]
auto-starting new master
?[1mprocess[master]: started with pid [11740]?[0m
?[1mROS_MASTER_URI=http://ugv-vision:22422/?[0m
?[1msetting /run_id to 6fae9f66-080d-11e3-8f44-002666016720?[0m
?[1mprocess[rosout-7]: started with pid [11753]?[0m
started core service [/rosout]
?[1mprocess[camera1394_node-8]: started with pid [11765]?[0m
[ROSTEST]removing previous test results file [/home/ugv/groovy_ws/catkin/build/test_results/camera1394/rosunit-diagnostics_hz_test.xml]
[ROSTEST]running test diagnostics_hz_test
?[1mprocess[hztest_diag-9]: started with pid [11885]?[0m
?[1m[hztest_diag-9] process has finished cleanly
log file: /home/ugv/.ros/log/6fae9f66-080d-11e3-8f44-002666016720/hztest_diag-9*.log?[0m
[ROSTEST]test [diagnostics_hz_test] finished
[ROSTEST]test [diagnostics_hz_test] results are in [/home/ugv/groovy_ws/catkin/build/test_results/camera1394/rosunit-diagnostics_hz_test.xml]
[ROSTEST]test [diagnostics_hz_test] results summary: 0 errors, 0 failures, 1 tests
[ROSTEST][ROSTEST] test [diagnostics_hz_test] done
[ROSTEST]tearDown[/home/ugv/groovy_ws/catkin/src/camera1394/tests/camera_node_hz.test]
shutting down processing monitor...
[camera1394_node-8] killing on exit
[rosout-7] killing on exit
[master] killing on exit
... shutting down processing monitor complete
[ROSTEST]rostest teardown /home/ugv/groovy_ws/catkin/src/camera1394/tests/camera_node_hz.test complete
]]></system-out>
  <system-err><![CDATA[]]></system-err>
</testsuite>
